*** Using Compiler 'V5.06 update 7 (build 960)', folder: 'E:\Work\Keil_v5\ARM\ARMCC\Bin'
Build target 'Smart_Car_Super'
Note: source file '..\Core\LJJ\adc.c' - object file renamed from 'Smart_Car_Super\adc.o' to 'Smart_Car_Super\adc_1.o'.compiling usart.c...
Error: C4065E: type of input file '..\Core\Inc' unknown

compiling adc.c...
Error: C4065E: type of input file '..\Core\Inc' unknown

compiling gpio.c...
Error: C4065E: type of input file '..\Core\Inc' unknown

compiling main.c...
Error: C4065E: type of input file '..\Core\Inc' unknown

compiling i2c.c...
Error: C4065E: type of input file '..\Core\Inc' unknown

compiling tim.c...
Error: C4065E: type of input file '..\Core\Inc' unknown

assembling startup_stm32f407xx.s...
compiling stm32f4xx_hal_msp.c...
Error: C4065E: type of input file '..\Core\Inc' unknown

compiling stm32f4xx_it.c...
Error: C4065E: type of input file '..\Core\Inc' unknown

compiling interrupt.c...
..\Core\LJJ\interrupt.c(202): error:  #20: identifier "target" is undefined
  			target = USART1_RX_BUF[USART1_RX_STA-3]-48;			
..\Core\LJJ\interrupt.c: 0 warnings, 1 error
"Smart_Car_Super\Smart_Car_Super.axf" - 9 Error(s), 0 Warning(s).
Target not created.
Build Time Elapsed:  00:00:02
