*** Using Compiler 'V5.06 update 7 (build 960)', folder: 'E:\Work\Keil_v5\ARM\ARMCC\Bin'
Build target '82mixue'
assembling startup_stm32f103xe.s...
compiling stm32f1xx_hal_gpio_ex.c...
compiling dma.c...
compiling stm32f1xx_hal_msp.c...
compiling VOFA.c...
compiling i2c.c...
compiling Task.c...
compiling gpio.c...
compiling stm32f1xx_it.c...
compiling OpenMVTrans.c...
compiling usart.c...
compiling main.c...
compiling tim.c...
compiling stm32f1xx_hal_i2c.c...
compiling stm32f1xx_hal_cortex.c...
compiling stm32f1xx_hal.c...
compiling stm32f1xx_hal_gpio.c...
compiling stm32f1xx_hal_exti.c...
compiling stm32f1xx_hal_rcc_ex.c...
compiling stm32f1xx_hal_flash.c...
compiling stm32f1xx_hal_pwr.c...
compiling stm32f1xx_hal_flash_ex.c...
compiling stm32f1xx_hal_dma.c...
compiling stm32f1xx_hal_rcc.c...
compiling stm32f1xx_hal_tim_ex.c...
compiling stm32f1xx_hal_uart.c...
compiling stm32f1xx_hal_tim.c...
compiling system_stm32f1xx.c...
linking...
Program Size: Code=14742 RO-data=378 RW-data=108 ZI-data=2380  
FromELF: creating hex file...
"82mixue\82mixue.axf" - 0 Error(s), 0 Warning(s).
Build Time Elapsed:  00:00:07
